<?xml version="1.0" encoding="UTF-8"?>
<testng-results skipped="0" failed="0" ignored="0" total="1" passed="1">
  <reporter-output>
  </reporter-output>
  <suite name="Default suite" duration-ms="35831" started-at="2020-07-18T08:03:34Z" finished-at="2020-07-18T08:04:10Z">
    <groups>
      <group name="cucumber">
        <method signature="CucumberRunner.feature(cucumber.api.testng.CucumberFeatureWrapper)[pri:0, instance:stepDefinition.LoginSteps@d83da2e]" name="feature" class="testRunner.CucumberRunner"/>
      </group> <!-- cucumber -->
    </groups>
    <test name="Default test" duration-ms="35831" started-at="2020-07-18T08:03:34Z" finished-at="2020-07-18T08:04:10Z">
      <class name="stepDefinition.LoginSteps">
        <test-method status="PASS" signature="setUpClass()[pri:0, instance:stepDefinition.LoginSteps@d83da2e]" name="setUpClass" is-config="true" duration-ms="329" started-at="2020-07-18T08:03:34Z" finished-at="2020-07-18T08:03:34Z">
          <reporter-output>
          </reporter-output>
        </test-method> <!-- setUpClass -->
        <test-method status="PASS" signature="methodSetUp()[pri:0, instance:stepDefinition.LoginSteps@d83da2e]" name="methodSetUp" is-config="true" duration-ms="6" started-at="2020-07-18T08:03:34Z" finished-at="2020-07-18T08:03:34Z">
          <reporter-output>
          </reporter-output>
        </test-method> <!-- methodSetUp -->
        <test-method status="PASS" signature="feature(cucumber.api.testng.CucumberFeatureWrapper)[pri:0, instance:stepDefinition.LoginSteps@d83da2e]" name="feature" duration-ms="35231" started-at="2020-07-18T08:03:34Z" description="Runs Cucumber Feature" data-provider="features" finished-at="2020-07-18T08:04:09Z">
          <params>
            <param index="0">
              <value>
                <![CDATA[LoginFeature]]>
              </value>
            </param>
          </params>
          <reporter-output>
          </reporter-output>
        </test-method> <!-- feature -->
        <test-method status="PASS" signature="tearDownReport(org.testng.ITestResult)[pri:0, instance:stepDefinition.LoginSteps@d83da2e]" name="tearDownReport" is-config="true" duration-ms="2" started-at="2020-07-18T08:04:09Z" finished-at="2020-07-18T08:04:09Z">
          <params>
            <param index="0">
              <value>
                <![CDATA[[TestResult name=feature status=SUCCESS method=CucumberRunner.feature(cucumber.api.testng.CucumberFeatureWrapper)[pri:0, instance:stepDefinition.LoginSteps@d83da2e] output={null}]]]>
              </value>
            </param>
          </params>
          <reporter-output>
          </reporter-output>
        </test-method> <!-- tearDownReport -->
        <test-method status="PASS" signature="tearDownClass()[pri:0, instance:stepDefinition.LoginSteps@d83da2e]" name="tearDownClass" is-config="true" duration-ms="81" started-at="2020-07-18T08:04:09Z" finished-at="2020-07-18T08:04:10Z">
          <reporter-output>
          </reporter-output>
        </test-method> <!-- tearDownClass -->
      </class> <!-- stepDefinition.LoginSteps -->
    </test> <!-- Default test -->
  </suite> <!-- Default suite -->
</testng-results>
